<?xml version="1.0" encoding="UTF-8"?>
<!-- Generated by org.testng.reporters.JUnitReportReporter -->
<testsuite skipped="0" hostname="DESKTOP-AQGDP71" name="com.wordpress.page.Annatation" tests="1" failures="0" timestamp="24 Nov 2017 18:17:12 GMT" time="0.020" errors="0">
  <testcase name="method" time="0.020" classname="com.wordpress.page.Annatation"/>
</testsuite> <!-- com.wordpress.page.Annatation -->
