<?xml version="1.0" encoding="UTF-8"?>
<!-- Generated by org.testng.reporters.JUnitReportReporter -->
<testsuite skipped="0" hostname="DESKTOP-AQGDP71" name="com.wordpress.testcasses.VerifywordpressLogin" tests="1" failures="0" timestamp="17 Nov 2017 05:12:11 GMT" time="18.715" errors="0">
  <testcase name="verifyLogin" time="18.715" classname="com.wordpress.testcasses.VerifywordpressLogin"/>
</testsuite> <!-- com.wordpress.testcasses.VerifywordpressLogin -->
