<?xml version="1.0" encoding="UTF-8"?>
<!-- Generated by org.testng.reporters.JUnitReportReporter -->
<testsuite skipped="0" hostname="DESKTOP-AQGDP71" name="com.wordpress.page.Annatation2" tests="1" failures="0" timestamp="24 Nov 2017 18:17:12 GMT" time="0.006" errors="0">
  <testcase name="method" time="0.006" classname="com.wordpress.page.Annatation2"/>
</testsuite> <!-- com.wordpress.page.Annatation2 -->
