<?xml version="1.0" encoding="UTF-8"?>
<!-- Generated by org.testng.reporters.JUnitReportReporter -->
<testsuite skipped="0" hostname="DESKTOP-AQGDP71" name="com.wordpress.testcasses.VerifyLogin" tests="1" failures="0" timestamp="17 Nov 2017 10:45:27 GMT" time="11.735" errors="0">
  <testcase name="checkvaliduser" time="11.735" classname="com.wordpress.testcasses.VerifyLogin"/>
</testsuite> <!-- com.wordpress.testcasses.VerifyLogin -->
